<?xml version="1.0" encoding="UTF-8"?>
<!-- Generated by org.testng.reporters.JUnitReportReporter -->
<testsuite hostname="Tech-ka-MacBook-Pro.local" failures="0" tests="1" name="testCases.TestCases" time="14.646" errors="0" timestamp="2023-08-16T17:21:34 IST" skipped="0">
  <testcase classname="testCases.TestCases" name="login" time="14.646"/>
  <system-out/>
</testsuite> <!-- testCases.TestCases -->
